<?xml version="1.0" encoding="UTF-8"?>
<!-- Generated by org.testng.reporters.JUnitReportReporter -->
<testsuite hostname="DESKTOP-BUCLSCO" failures="0" tests="1" name="com.Demo.ObjectReposirory.Demo1" time="0.012" errors="0" timestamp="2020-09-12T15:00:23 IST" skipped="0">
  <testcase classname="com.Demo.ObjectReposirory.Demo1" name="test" time="0.012"/>
</testsuite> <!-- com.Demo.ObjectReposirory.Demo1 -->
